Arguments: 
  C:\Program Files\nodejs\node.exe C:\Program Files\nodejs\node_modules\yarn\bin\yarn.js add rect

PATH: 
  C:\Program Files (x86)\Microsoft SDKs\Azure\CLI2\wbin;C:\Python27\;C:\Python27\Scripts;C:\Program Files (x86)\Common Files\Oracle\Java\javapath;C:\Program Files (x86)\Intel\iCLS Client\;C:\Program Files\Intel\iCLS Client\;C:\Windows\system32;C:\Windows;C:\Windows\System32\Wbem;C:\Windows\System32\WindowsPowerShell\v1.0\;C:\Program Files (x86)\NVIDIA Corporation\PhysX\Common;C:\Program Files (x86)\Intel\Intel(R) Management Engine Components\DAL;C:\Program Files\Intel\Intel(R) Management Engine Components\DAL;C:\Program Files (x86)\Intel\Intel(R) Management Engine Components\IPT;C:\Program Files\Intel\Intel(R) Management Engine Components\IPT;C:\WINDOWS\system32;C:\WINDOWS;C:\WINDOWS\System32\Wbem;C:\WINDOWS\System32\WindowsPowerShell\v1.0\;C:\WINDOWS\System32\OpenSSH\;C:\Program Files\dotnet\;C:\Program Files\Microsoft SQL Server\130\Tools\Binn\;C:\Program Files\Microsoft SQL Server\Client SDK\ODBC\170\Tools\Binn\;C:\Users\saisa\AppData\Roaming\nvm;C:\Program Files\nodejs;C:\Program Files\MongoDB\Server\3.4\bin;C:\Program Files\LLVM\bin;C:\Program Files\Git\cmd;C:\Program Files\Git\mingw64\bin;C:\Program Files\Git\usr\bin;C:\Program Files (x86)\CodeBlocks\MinGW\bin;C:\Users\saisa\AppData\Local\bin\NASM;C:\ProgramData\chocolatey\bin;C:\Tools\ngrok;C:\Program Files\PostgreSQL\12\bin;D:\Tools\emsdk;C:\Program Files (x86)\Microsoft SQL Server\150\DTS\Binn\;C:\Program Files\PuTTY\;C:\Program Files (x86)\Vim\vim82;C:\Program Files\NVIDIA Corporation\NVIDIA NvDLISR;C:\Program Files (x86)\Microsoft SQL Server\150\Tools\Binn\;C:\Program Files\Microsoft SQL Server\150\Tools\Binn\;C:\Program Files\Microsoft SQL Server\150\DTS\Binn\;C:\Go\bin;C:\Program Files (x86)\Microsoft Visual Studio\2019\Community\VC\Tools\MSVC\14.25.28610\bin\Hostx86\x86;C:\WINDOWS\system32;C:\WINDOWS;C:\WINDOWS\System32\Wbem;C:\WINDOWS\System32\WindowsPowerShell\v1.0\;C:\WINDOWS\System32\OpenSSH\;D:\Tools\hashcat;C:\Users\saisa\.cargo\bin;C:\Users\saisa\.windows-build-tools\python27\;C:\Users\saisa\AppData\Local\Programs\Python\Python37-32\Scripts\;C:\Users\saisa\AppData\Local\Programs\Python\Python37-32\;C:\Users\saisa\AppData\Local\Microsoft\WindowsApps;C:\Users\saisa\AppData\Local\Programs\Microsoft VS Code\bin;C:\Users\saisa\AppData\Roaming\nvm;C:\Program Files\nodejs;C:\Program Files\JetBrains\WebStorm 2019.2\bin;C:\Program Files\JetBrains\CLion 2019.2\bin;C:\Users\saisa\AppData\Local\Programs\Microsoft VS Code Insiders\bin;C:\Users\saisa\AppData\Local\now-cli;C:\Program Files\CMake\bin;C:\Users\saisa\.dotnet\tools;C:\tools\neovim\Neovim\bin;C:\Program Files (x86)\GitHub CLI\;C:\Users\saisa\AppData\Local\GitHubDesktop\bin;C:\Users\saisa\go\bin;C:\Program Files\JetBrains\DataGrip 2020.1.3\bin;;C:\Users\saisa\AppData\Local\Microsoft\WindowsApps;C:\Tools\flutter\bin\;

Yarn version: 
  1.22.4

Node version: 
  13.9.0

Platform: 
  win32 x64

Trace: 
  TypeError: Cannot read property 'manifest' of undefined
      at _loop (C:\Users\saisa\AppData\Roaming\nvm\v13.9.0\node_modules\yarn\lib\cli.js:6973:102)
      at _loop.next (<anonymous>)
      at Add.<anonymous> (C:\Users\saisa\AppData\Roaming\nvm\v13.9.0\node_modules\yarn\lib\cli.js:7031:27)
      at Generator.next (<anonymous>)
      at step (C:\Users\saisa\AppData\Roaming\nvm\v13.9.0\node_modules\yarn\lib\cli.js:310:30)
      at C:\Users\saisa\AppData\Roaming\nvm\v13.9.0\node_modules\yarn\lib\cli.js:321:13

npm manifest: 
  {
  "name": "one"
  }

yarn manifest: 
  No manifest

Lockfile: 
  No lockfile
